Using pre-set license
Built from '2020.3/release' branch; Version is '2020.3.12f1 (b3b2c6512326) revision 11776710'; Using compiler version '192528614'; Build Type 'Release'
OS: 'Windows 10 Pro; OS build 19043.1110; Version 2009; 64bit' Language: 'en' Physical Memory: 12278 MB
BatchMode: 1, IsHumanControllingUs: 0, StartBugReporterOnCrash: 0, Is64bit: 1, IsPro: 0

 COMMAND LINE ARGUMENTS:
E:\Programs\Unity\2020.3.12f1\Editor\Unity.exe
-adb2
-batchMode
-noUpm
-name
AssetImportWorker0
-projectPath
E:/GitHubRepo/Programming-Theory-Repo/Programming Theory Project
-logFile
Logs/AssetImportWorker0.log
-srvPort
56192
Successfully changed project path to: E:/GitHubRepo/Programming-Theory-Repo/Programming Theory Project
E:/GitHubRepo/Programming-Theory-Repo/Programming Theory Project
Using Asset Import Pipeline V2.
Refreshing native plugins compatible for Editor in 44.42 ms, found 2 plugins.
Preloading 0 native plugins for Editor in 0.00 ms.
Initialize engine version: 2020.3.12f1 (b3b2c6512326)
[Subsystems] Discovering subsystems at path E:/Programs/Unity/2020.3.12f1/Editor/Data/Resources/UnitySubsystems
[Subsystems] Discovering subsystems at path E:/GitHubRepo/Programming-Theory-Repo/Programming Theory Project/Assets
GfxDevice: creating device client; threaded=0
Direct3D:
    Version:  Direct3D 11.0 [level 11.1]
    Renderer: AMD Radeon R7 200 Series (ID=0x6610)
    Vendor:   
    VRAM:     2028 MB
    Driver:   27.20.21003.8013
Initialize mono
Mono path[0] = 'E:/Programs/Unity/2020.3.12f1/Editor/Data/Managed'
Mono path[1] = 'E:/Programs/Unity/2020.3.12f1/Editor/Data/MonoBleedingEdge/lib/mono/unityjit'
Mono config path = 'E:/Programs/Unity/2020.3.12f1/Editor/Data/MonoBleedingEdge/etc'
Using monoOptions --debugger-agent=transport=dt_socket,embedding=1,server=y,suspend=n,address=127.0.0.1:56328
Begin MonoManager ReloadAssembly
Registering precompiled unity dll's ...
Register platform support module: E:/Programs/Unity/2020.3.12f1/Editor/Data/PlaybackEngines/WebGLSupport/UnityEditor.WebGL.Extensions.dll
Register platform support module: E:/Programs/Unity/2020.3.12f1/Editor/Data/PlaybackEngines/WindowsStandaloneSupport/UnityEditor.WindowsStandalone.Extensions.dll
Registered in 0.002268 seconds.
Native extension for WindowsStandalone target not found
Native extension for WebGL target not found
Refreshing native plugins compatible for Editor in 42.35 ms, found 2 plugins.
Preloading 0 native plugins for Editor in 0.00 ms.
Mono: successfully reloaded assembly
- Completed reload, in  1.875 seconds
Platform modules already initialized, skipping
Registering precompiled user dll's ...
Registered in 0.004269 seconds.
Begin MonoManager ReloadAssembly
Native extension for WindowsStandalone target not found
Native extension for WebGL target not found
Refreshing native plugins compatible for Editor in 0.45 ms, found 2 plugins.
Preloading 0 native plugins for Editor in 0.00 ms.
Mono: successfully reloaded assembly
- Completed reload, in  1.551 seconds
Platform modules already initialized, skipping
========================================================================
Worker process is ready to serve import requests
Launched and connected shader compiler UnityShaderCompiler.exe after 0.06 seconds
Refreshing native plugins compatible for Editor in 0.43 ms, found 2 plugins.
Preloading 0 native plugins for Editor in 0.00 ms.
Unloading 1387 Unused Serialized files (Serialized files now loaded: 0)
System memory in use before: 64.7 MB.
System memory in use after: 64.7 MB.

Unloading 19 unused Assets to reduce memory usage. Loaded Objects now: 1821.
Total: 2.718600 ms (FindLiveObjects: 0.182800 ms CreateObjectMapping: 0.076100 ms MarkObjects: 2.321700 ms  DeleteObjects: 0.136000 ms)

AssetImportParameters requested are different than current active one (requested -> active):
  custom:framework-win-MediaFoundation: 216162199b28c13a410421893ffa2e32 -> 
  custom:video-decoder-ogg-theora: a1e56fd34408186e4bbccfd4996cb3dc -> 
  custom:container-muxer-webm: aa71ff27fc2769a1b78a27578f13a17b -> 
  custom:container-demuxer-webm: 4f35f7cbe854078d1ac9338744f61a02 -> 
  custom:container-demuxer-ogg: 62fdf1f143b41e24485cea50d1cbac27 -> 
  custom:video-encoder-webm-vp8: eb34c28f22e8b96e1ab97ce403110664 -> 
  custom:video-decoder-webm-vp8: 9c59270c3fd7afecdb556c50c9e8de78 -> 
  custom:audio-decoder-ogg-vorbis: bf7c407c2cedff20999df2af8eb42d56 -> 
  custom:audio-encoder-webm-vorbis: bf7c407c2cedff20999df2af8eb42d56 -> 
========================================================================
Received Import Request.
  path: Assets/Scripts/Menu/MenuUIManager.cs
  artifactKey: Guid(8a6dd290a1f7c4a428163336327b5967) Importer(815301076,1909f56bfc062723c751e8b465ee728b)
Start importing Assets/Scripts/Menu/MenuUIManager.cs using Guid(8a6dd290a1f7c4a428163336327b5967) Importer(815301076,1909f56bfc062723c751e8b465ee728b)  -> (artifact id: '69df7215f80bf36c1a6008703d4f3821') in 0.042543 seconds 
  Import took 0.045248 seconds .

========================================================================
Received Import Request.
  Time since last request: 458.149751 seconds.
  path: ProjectSettings/TagManager.asset
  artifactKey: Guid(00000000000000003000000000000000) Importer(815301076,1909f56bfc062723c751e8b465ee728b)
Start importing ProjectSettings/TagManager.asset using Guid(00000000000000003000000000000000) Importer(815301076,1909f56bfc062723c751e8b465ee728b)  -> (artifact id: 'ce6a35c3cddc746e7501c0bd0ed6d4ce') in 0.023828 seconds 
  Import took 0.027153 seconds .

========================================================================
Received Import Request.
  Time since last request: 46.220273 seconds.
  path: Assets/Materials_Primitives
  artifactKey: Guid(694568ec65f30a44aab37562889344c2) Importer(815301076,1909f56bfc062723c751e8b465ee728b)
Start importing Assets/Materials_Primitives using Guid(694568ec65f30a44aab37562889344c2) Importer(815301076,1909f56bfc062723c751e8b465ee728b)  -> (artifact id: '99ba5d0394433bfe0bc57de51a5d262e') in 0.002492 seconds 
  Import took 0.005682 seconds .

========================================================================
Received Prepare
Registering precompiled user dll's ...
Registered in 0.004868 seconds.
Begin MonoManager ReloadAssembly
Native extension for WindowsStandalone target not found
Native extension for WebGL target not found
Refreshing native plugins compatible for Editor in 0.47 ms, found 2 plugins.
Preloading 0 native plugins for Editor in 0.00 ms.
Mono: successfully reloaded assembly
- Completed reload, in  1.459 seconds
Platform modules already initialized, skipping
Refreshing native plugins compatible for Editor in 0.44 ms, found 2 plugins.
Preloading 0 native plugins for Editor in 0.00 ms.
Unloading 1382 Unused Serialized files (Serialized files now loaded: 0)
System memory in use before: 64.6 MB.
System memory in use after: 64.7 MB.

Unloading 15 unused Assets to reduce memory usage. Loaded Objects now: 1824.
Total: 2.576100 ms (FindLiveObjects: 0.184700 ms CreateObjectMapping: 0.078500 ms MarkObjects: 2.237700 ms  DeleteObjects: 0.073400 ms)

AssetImportParameters requested are different than current active one (requested -> active):
  custom:framework-win-MediaFoundation: 216162199b28c13a410421893ffa2e32 -> 
  custom:video-decoder-ogg-theora: a1e56fd34408186e4bbccfd4996cb3dc -> 
  custom:container-muxer-webm: aa71ff27fc2769a1b78a27578f13a17b -> 
  custom:container-demuxer-webm: 4f35f7cbe854078d1ac9338744f61a02 -> 
  custom:container-demuxer-ogg: 62fdf1f143b41e24485cea50d1cbac27 -> 
  custom:video-encoder-webm-vp8: eb34c28f22e8b96e1ab97ce403110664 -> 
  custom:video-decoder-webm-vp8: 9c59270c3fd7afecdb556c50c9e8de78 -> 
  custom:audio-decoder-ogg-vorbis: bf7c407c2cedff20999df2af8eb42d56 -> 
  custom:audio-encoder-webm-vorbis: bf7c407c2cedff20999df2af8eb42d56 -> 
========================================================================
Received Import Request.
  Time since last request: 1296.545908 seconds.
  path: Assets/Prefabs
  artifactKey: Guid(333067d1748f6df4096c9ba691d6e417) Importer(815301076,1909f56bfc062723c751e8b465ee728b)
Start importing Assets/Prefabs using Guid(333067d1748f6df4096c9ba691d6e417) Importer(815301076,1909f56bfc062723c751e8b465ee728b)  -> (artifact id: '5207634e4587414030390ba0e12527f2') in 0.007193 seconds 
  Import took 0.011549 seconds .

========================================================================
Received Prepare
Registering precompiled user dll's ...
Registered in 0.004425 seconds.
Begin MonoManager ReloadAssembly
Native extension for WindowsStandalone target not found
Native extension for WebGL target not found
Refreshing native plugins compatible for Editor in 0.46 ms, found 2 plugins.
Preloading 0 native plugins for Editor in 0.00 ms.
Mono: successfully reloaded assembly
- Completed reload, in  1.435 seconds
Platform modules already initialized, skipping
Refreshing native plugins compatible for Editor in 0.44 ms, found 2 plugins.
Preloading 0 native plugins for Editor in 0.00 ms.
Unloading 1382 Unused Serialized files (Serialized files now loaded: 0)
System memory in use before: 64.7 MB.
System memory in use after: 64.7 MB.

Unloading 14 unused Assets to reduce memory usage. Loaded Objects now: 1827.
Total: 2.811400 ms (FindLiveObjects: 0.184400 ms CreateObjectMapping: 0.072600 ms MarkObjects: 2.484300 ms  DeleteObjects: 0.067800 ms)

AssetImportParameters requested are different than current active one (requested -> active):
  custom:framework-win-MediaFoundation: 216162199b28c13a410421893ffa2e32 -> 
  custom:video-decoder-ogg-theora: a1e56fd34408186e4bbccfd4996cb3dc -> 
  custom:container-muxer-webm: aa71ff27fc2769a1b78a27578f13a17b -> 
  custom:container-demuxer-webm: 4f35f7cbe854078d1ac9338744f61a02 -> 
  custom:container-demuxer-ogg: 62fdf1f143b41e24485cea50d1cbac27 -> 
  custom:video-encoder-webm-vp8: eb34c28f22e8b96e1ab97ce403110664 -> 
  custom:video-decoder-webm-vp8: 9c59270c3fd7afecdb556c50c9e8de78 -> 
  custom:audio-decoder-ogg-vorbis: bf7c407c2cedff20999df2af8eb42d56 -> 
  custom:audio-encoder-webm-vorbis: bf7c407c2cedff20999df2af8eb42d56 -> 
========================================================================
Received Import Request.
  Time since last request: 783.521324 seconds.
  path: Assets/Prefabs/Wall_A.prefab
  artifactKey: Guid(9c91cc66fbeb0aa43a6217414c727116) Importer(815301076,1909f56bfc062723c751e8b465ee728b)
Start importing Assets/Prefabs/Wall_A.prefab using Guid(9c91cc66fbeb0aa43a6217414c727116) Importer(815301076,1909f56bfc062723c751e8b465ee728b)  -> (artifact id: '66825472e586f4868048857ff47d3b7e') in 0.134931 seconds 
  Import took 0.139060 seconds .

========================================================================
Received Import Request.
  Time since last request: 3.752490 seconds.
  path: Assets/Prefabs/Wall_B.prefab
  artifactKey: Guid(0541ae65c89a8d64b8230548f89c1ebc) Importer(815301076,1909f56bfc062723c751e8b465ee728b)
Start importing Assets/Prefabs/Wall_B.prefab using Guid(0541ae65c89a8d64b8230548f89c1ebc) Importer(815301076,1909f56bfc062723c751e8b465ee728b)  -> (artifact id: 'fc683fcb8f93479bd53ae5c41d2f7b13') in 0.017838 seconds 
  Import took 0.021620 seconds .

========================================================================
Received Import Request.
  Time since last request: 348.780869 seconds.
  path: Assets/Prefabs/FlagA.prefab
  artifactKey: Guid(6b0132a1a1708644aa4d541502146e67) Importer(815301076,1909f56bfc062723c751e8b465ee728b)
Start importing Assets/Prefabs/FlagA.prefab using Guid(6b0132a1a1708644aa4d541502146e67) Importer(815301076,1909f56bfc062723c751e8b465ee728b)  -> (artifact id: 'b7277694a3fe3d8498cc7a80a346a3df') in 0.016342 seconds 
  Import took 0.019828 seconds .

========================================================================
Received Import Request.
  Time since last request: 0.042695 seconds.
  path: Assets/Prefabs/FlagA.prefab
  artifactKey: Guid(6b0132a1a1708644aa4d541502146e67) Importer(815301076,1909f56bfc062723c751e8b465ee728b)
Start importing Assets/Prefabs/FlagA.prefab using Guid(6b0132a1a1708644aa4d541502146e67) Importer(815301076,1909f56bfc062723c751e8b465ee728b)  -> (artifact id: 'b7277694a3fe3d8498cc7a80a346a3df') in 0.009976 seconds 
  Import took 0.013176 seconds .

========================================================================
Received Import Request.
  Time since last request: 4.430729 seconds.
  path: Assets/Prefabs/FlagB.prefab
  artifactKey: Guid(7d3dea727da49874698932a31f612b78) Importer(815301076,1909f56bfc062723c751e8b465ee728b)
Start importing Assets/Prefabs/FlagB.prefab using Guid(7d3dea727da49874698932a31f612b78) Importer(815301076,1909f56bfc062723c751e8b465ee728b)  -> (artifact id: '1368c719bb691be236620347e31e73f1') in 0.014826 seconds 
  Import took 0.019008 seconds .

========================================================================
Received Import Request.
  Time since last request: 152.928431 seconds.
  path: ProjectSettings/TagManager.asset
  artifactKey: Guid(00000000000000003000000000000000) Importer(815301076,1909f56bfc062723c751e8b465ee728b)
Start importing ProjectSettings/TagManager.asset using Guid(00000000000000003000000000000000) Importer(815301076,1909f56bfc062723c751e8b465ee728b)  -> (artifact id: 'fa21e7d972d3fbd5129feba55967a0ec') in 0.003662 seconds 
  Import took 0.007020 seconds .

========================================================================
Received Import Request.
  Time since last request: 0.007976 seconds.
  path: ProjectSettings/TagManager.asset
  artifactKey: Guid(00000000000000003000000000000000) Importer(815301076,1909f56bfc062723c751e8b465ee728b)
Start importing ProjectSettings/TagManager.asset using Guid(00000000000000003000000000000000) Importer(815301076,1909f56bfc062723c751e8b465ee728b)  -> (artifact id: 'fa21e7d972d3fbd5129feba55967a0ec') in 0.002770 seconds 
  Import took 0.005882 seconds .

